2023-12-22 17:21:26,259 - piloto - INFO - Piloto: DICK VIGARISTA    ..... volta  1 em 0.01042 segundos
2023-12-22 17:21:26,262 - piloto - INFO - Piloto: PENELOPE CHARMOSA ..... volta  1 em 0.01299 segundos
2023-12-22 17:21:26,263 - piloto - INFO - Piloto: PETER PERFEITO    ..... volta  1 em 0.01370 segundos
2023-12-22 17:21:26,265 - piloto - INFO - Piloto: RUFUS LENHADOR    ..... volta  1 em 0.01562 segundos
2023-12-22 17:21:26,275 - piloto - INFO - Piloto: PETER PERFEITO    ..... volta  2 em 0.01099 segundos
2023-12-22 17:21:26,277 - piloto - INFO - Piloto: RUFUS LENHADOR    ..... volta  2 em 0.01031 segundos
2023-12-22 17:21:26,279 - piloto - INFO - Piloto: PENELOPE CHARMOSA ..... volta  2 em 0.01538 segundos
2023-12-22 17:21:26,280 - piloto - INFO - Piloto: DICK VIGARISTA    ..... volta  2 em 0.01923 segundos
2023-12-22 17:21:26,290 - piloto - INFO - Piloto: PETER PERFEITO    ..... volta  3 em 0.01316 segundos
2023-12-22 17:21:26,292 - piloto - INFO - Piloto: PENELOPE CHARMOSA ..... volta  3 em 0.01064 segundos
2023-12-22 17:21:26,292 - piloto - INFO - Piloto: RUFUS LENHADOR    ..... volta  3 em 0.01471 segundos
2023-12-22 17:21:26,302 - piloto - INFO - Piloto: DICK VIGARISTA    ..... volta  3 em 0.02000 segundos
2023-12-22 17:21:26,304 - piloto - INFO - Piloto: RUFUS LENHADOR    ..... volta  4 em 0.01020 segundos
2023-12-22 17:21:26,304 - piloto - INFO - Piloto: PETER PERFEITO    ..... volta  4 em 0.01266 segundos
2023-12-22 17:21:26,310 - piloto - INFO - Piloto: PENELOPE CHARMOSA ..... volta  4 em 0.01724 segundos
2023-12-22 17:21:26,315 - piloto - INFO - Piloto: PETER PERFEITO    ..... volta  5 em 0.01042 segundos
2023-12-22 17:21:26,315 - piloto - INFO - Piloto: DICK VIGARISTA    ..... volta  4 em 0.01282 segundos
2023-12-22 17:21:26,323 - piloto - INFO - Piloto: RUFUS LENHADOR    ..... volta  5 em 0.01852 segundos
2023-12-22 17:21:26,325 - piloto - INFO - Piloto: PENELOPE CHARMOSA ..... volta  5 em 0.01408 segundos
2023-12-22 17:21:26,329 - piloto - INFO - Piloto: DICK VIGARISTA    ..... volta  5 em 0.01205 segundos
2023-12-22 17:21:26,333 - piloto - INFO - Piloto: PETER PERFEITO    ..... volta  6 em 0.01695 segundos
2023-12-22 17:21:26,337 - piloto - INFO - Piloto: PENELOPE CHARMOSA ..... volta  6 em 0.01149 segundos
2023-12-22 17:21:26,339 - piloto - INFO - Piloto: RUFUS LENHADOR    ..... volta  6 em 0.01408 segundos
2023-12-22 17:21:26,346 - piloto - INFO - Piloto: DICK VIGARISTA    ..... volta  6 em 0.01562 segundos
2023-12-22 17:21:26,350 - piloto - INFO - Piloto: PETER PERFEITO    ..... volta  7 em 0.01429 segundos
2023-12-22 17:21:26,351 - piloto - INFO - Piloto: PENELOPE CHARMOSA ..... volta  7 em 0.01149 segundos
2023-12-22 17:21:26,359 - piloto - INFO - Piloto: DICK VIGARISTA    ..... volta  7 em 0.01136 segundos
2023-12-22 17:21:26,360 - piloto - INFO - Piloto: RUFUS LENHADOR    ..... volta  7 em 0.02000 segundos
2023-12-22 17:21:26,364 - piloto - INFO - Piloto: PETER PERFEITO    ..... volta  8 em 0.01316 segundos
2023-12-22 17:21:26,365 - piloto - INFO - Piloto: PENELOPE CHARMOSA ..... volta  8 em 0.01389 segundos
2023-12-22 17:21:26,371 - piloto - INFO - Piloto: DICK VIGARISTA    ..... volta  8 em 0.01136 segundos
2023-12-22 17:21:26,374 - piloto - INFO - Piloto: RUFUS LENHADOR    ..... volta  8 em 0.01163 segundos
2023-12-22 17:21:26,379 - piloto - INFO - Piloto: PETER PERFEITO    ..... volta  9 em 0.01449 segundos
2023-12-22 17:21:26,383 - piloto - INFO - Piloto: PENELOPE CHARMOSA ..... volta  9 em 0.01538 segundos
2023-12-22 17:21:26,392 - piloto - INFO - Piloto: PETER PERFEITO    ..... volta 10 em 0.01190 segundos
2023-12-22 17:21:26,392 - piloto - INFO - Piloto: DICK VIGARISTA    ..... volta  9 em 0.02000 segundos
2023-12-22 17:21:26,392 - piloto - INFO - Piloto: RUFUS LENHADOR    ..... volta  9 em 0.01562 segundos
2023-12-22 17:21:26,402 - piloto - INFO - Piloto: PENELOPE CHARMOSA ..... volta 10 em 0.01754 segundos
2023-12-22 17:21:26,407 - piloto - INFO - Piloto: PETER PERFEITO    ..... volta 11 em 0.01299 segundos
2023-12-22 17:21:26,407 - piloto - INFO - Piloto: DICK VIGARISTA    ..... volta 10 em 0.01205 segundos
2023-12-22 17:21:26,411 - piloto - INFO - Piloto: RUFUS LENHADOR    ..... volta 10 em 0.01639 segundos
2023-12-22 17:21:26,414 - piloto - INFO - Piloto: PENELOPE CHARMOSA ..... volta 11 em 0.01087 segundos
2023-12-22 17:21:26,422 - piloto - INFO - Piloto: DICK VIGARISTA    ..... volta 11 em 0.01370 segundos
2023-12-22 17:21:26,423 - piloto - INFO - Piloto: PETER PERFEITO    ..... volta 12 em 0.01389 segundos
2023-12-22 17:21:26,423 - piloto - INFO - Piloto: RUFUS LENHADOR    ..... volta 11 em 0.01087 segundos
2023-12-22 17:21:26,431 - piloto - INFO - Piloto: PENELOPE CHARMOSA ..... volta 12 em 0.01538 segundos
2023-12-22 17:21:26,434 - piloto - INFO - Piloto: DICK VIGARISTA    ..... volta 12 em 0.01010 segundos
2023-12-22 17:21:26,438 - piloto - INFO - Piloto: RUFUS LENHADOR    ..... volta 12 em 0.01389 segundos
2023-12-22 17:21:26,440 - piloto - INFO - Piloto: PETER PERFEITO    ..... volta 13 em 0.01408 segundos
2023-12-22 17:21:26,443 - piloto - INFO - Piloto: PENELOPE CHARMOSA ..... volta 13 em 0.01087 segundos
2023-12-22 17:21:26,446 - piloto - INFO - Piloto: DICK VIGARISTA    ..... volta 13 em 0.01010 segundos
2023-12-22 17:21:26,453 - piloto - INFO - Piloto: PETER PERFEITO    ..... volta 14 em 0.01111 segundos
2023-12-22 17:21:26,456 - piloto - INFO - Piloto: RUFUS LENHADOR    ..... volta 13 em 0.01695 segundos
2023-12-22 17:21:26,457 - piloto - INFO - Piloto: PENELOPE CHARMOSA ..... volta 14 em 0.01266 segundos
2023-12-22 17:21:26,459 - piloto - INFO - Piloto: DICK VIGARISTA    ..... volta 14 em 0.01235 segundos
2023-12-22 17:21:26,466 - piloto - INFO - Piloto: PETER PERFEITO    ..... volta 15 em 0.01075 segundos
2023-12-22 17:21:26,470 - piloto - INFO - Piloto: PENELOPE CHARMOSA ..... volta 15 em 0.01087 segundos
2023-12-22 17:21:26,472 - piloto - INFO - Piloto: RUFUS LENHADOR    ..... volta 14 em 0.01515 segundos
2023-12-22 17:21:26,477 - piloto - INFO - Piloto: DICK VIGARISTA    ..... volta 15 em 0.01667 segundos
2023-12-22 17:21:26,480 - piloto - INFO - Piloto: PETER PERFEITO    ..... volta 16 em 0.01163 segundos
2023-12-22 17:21:26,485 - piloto - INFO - Piloto: PENELOPE CHARMOSA ..... volta 16 em 0.01250 segundos
2023-12-22 17:21:26,489 - piloto - INFO - Piloto: RUFUS LENHADOR    ..... volta 15 em 0.01538 segundos
2023-12-22 17:21:26,492 - piloto - INFO - Piloto: DICK VIGARISTA    ..... volta 16 em 0.01316 segundos
2023-12-22 17:21:26,494 - piloto - INFO - Piloto: PETER PERFEITO    ..... volta 17 em 0.01299 segundos
2023-12-22 17:21:26,498 - piloto - INFO - Piloto: PENELOPE CHARMOSA ..... volta 17 em 0.01075 segundos
2023-12-22 17:21:26,502 - piloto - INFO - Piloto: RUFUS LENHADOR    ..... volta 16 em 0.01235 segundos
2023-12-22 17:21:26,504 - piloto - INFO - Piloto: DICK VIGARISTA    ..... volta 17 em 0.01020 segundos
2023-12-22 17:21:26,508 - piloto - INFO - Piloto: PETER PERFEITO    ..... volta 18 em 0.01316 segundos
2023-12-22 17:21:26,512 - piloto - INFO - Piloto: PENELOPE CHARMOSA ..... volta 18 em 0.01235 segundos
2023-12-22 17:21:26,515 - piloto - INFO - Piloto: RUFUS LENHADOR    ..... volta 17 em 0.01205 segundos
2023-12-22 17:21:26,517 - piloto - INFO - Piloto: DICK VIGARISTA    ..... volta 18 em 0.01111 segundos
2023-12-22 17:21:26,524 - piloto - INFO - Piloto: PETER PERFEITO    ..... volta 19 em 0.01087 segundos
2023-12-22 17:21:26,524 - piloto - INFO - Piloto: PENELOPE CHARMOSA ..... volta 19 em 0.01149 segundos
2023-12-22 17:21:26,529 - piloto - INFO - Piloto: DICK VIGARISTA    ..... volta 19 em 0.01124 segundos
2023-12-22 17:21:26,535 - piloto - INFO - Piloto: RUFUS LENHADOR    ..... volta 18 em 0.01852 segundos
2023-12-22 17:21:26,541 - piloto - INFO - Piloto: PETER PERFEITO    ..... volta 20 em 0.01316 segundos
2023-12-22 17:21:26,542 - piloto - INFO - Piloto: PENELOPE CHARMOSA ..... volta 20 em 0.01449 segundos
2023-12-22 17:21:26,550 - piloto - INFO - Piloto: RUFUS LENHADOR    ..... volta 19 em 0.01333 segundos
2023-12-22 17:21:26,551 - piloto - INFO - Piloto: DICK VIGARISTA    ..... volta 20 em 0.01961 segundos
2023-12-22 17:21:26,553 - piloto - INFO - Piloto: PENELOPE CHARMOSA ..... volta 21 em 0.01075 segundos
2023-12-22 17:21:26,560 - piloto - INFO - Piloto: PETER PERFEITO    ..... volta 21 em 0.01852 segundos
2023-12-22 17:21:26,562 - piloto - INFO - Piloto: RUFUS LENHADOR    ..... volta 20 em 0.01064 segundos
2023-12-22 17:21:26,564 - piloto - INFO - Piloto: DICK VIGARISTA    ..... volta 21 em 0.01136 segundos
2023-12-22 17:21:26,569 - piloto - INFO - Piloto: PENELOPE CHARMOSA ..... volta 22 em 0.01282 segundos
2023-12-22 17:21:26,575 - piloto - INFO - Piloto: PETER PERFEITO    ..... volta 22 em 0.01235 segundos
2023-12-22 17:21:26,575 - piloto - INFO - Piloto: RUFUS LENHADOR    ..... volta 21 em 0.01235 segundos
2023-12-22 17:21:26,578 - piloto - INFO - Piloto: DICK VIGARISTA    ..... volta 22 em 0.01282 segundos
2023-12-22 17:21:26,589 - piloto - INFO - Piloto: PENELOPE CHARMOSA ..... volta 23 em 0.01852 segundos
2023-12-22 17:21:26,589 - piloto - INFO - Piloto: PETER PERFEITO    ..... volta 23 em 0.01333 segundos
2023-12-22 17:21:26,592 - piloto - INFO - Piloto: RUFUS LENHADOR    ..... volta 22 em 0.01538 segundos
2023-12-22 17:21:26,596 - piloto - INFO - Piloto: DICK VIGARISTA    ..... volta 23 em 0.01786 segundos
2023-12-22 17:21:26,603 - piloto - INFO - Piloto: PETER PERFEITO    ..... volta 24 em 0.01136 segundos
2023-12-22 17:21:26,607 - piloto - INFO - Piloto: PENELOPE CHARMOSA ..... volta 24 em 0.01538 segundos
2023-12-22 17:21:26,609 - piloto - INFO - Piloto: DICK VIGARISTA    ..... volta 24 em 0.01087 segundos
2023-12-22 17:21:26,612 - piloto - INFO - Piloto: RUFUS LENHADOR    ..... volta 23 em 0.01852 segundos
2023-12-22 17:21:26,620 - piloto - INFO - Piloto: DICK VIGARISTA    ..... volta 25 em 0.01042 segundos
2023-12-22 17:21:26,621 - piloto - INFO - Piloto: PETER PERFEITO    ..... volta 25 em 0.01667 segundos
2023-12-22 17:21:26,623 - piloto - INFO - Piloto: RUFUS LENHADOR    ..... volta 24 em 0.01000 segundos
2023-12-22 17:21:26,625 - piloto - INFO - Piloto: PENELOPE CHARMOSA ..... volta 25 em 0.01754 segundos
2023-12-22 17:21:26,634 - piloto - INFO - Piloto: DICK VIGARISTA    ..... volta 26 em 0.01124 segundos
2023-12-22 17:21:26,637 - piloto - INFO - Piloto: RUFUS LENHADOR    ..... volta 25 em 0.01087 segundos
2023-12-22 17:21:26,637 - piloto - INFO - Piloto: PETER PERFEITO    ..... volta 26 em 0.01389 segundos
2023-12-22 17:21:26,641 - piloto - INFO - Piloto: PENELOPE CHARMOSA ..... volta 26 em 0.01389 segundos
2023-12-22 17:21:26,646 - piloto - INFO - Piloto: DICK VIGARISTA    ..... volta 27 em 0.01087 segundos
2023-12-22 17:21:26,651 - piloto - INFO - Piloto: RUFUS LENHADOR    ..... volta 26 em 0.01087 segundos
2023-12-22 17:21:26,652 - piloto - INFO - Piloto: PETER PERFEITO    ..... volta 27 em 0.01351 segundos
2023-12-22 17:21:26,653 - piloto - INFO - Piloto: PENELOPE CHARMOSA ..... volta 27 em 0.01000 segundos
2023-12-22 17:21:26,662 - piloto - INFO - Piloto: DICK VIGARISTA    ..... volta 28 em 0.01471 segundos
2023-12-22 17:21:26,666 - piloto - INFO - Piloto: PETER PERFEITO    ..... volta 28 em 0.01316 segundos
2023-12-22 17:21:26,669 - piloto - INFO - Piloto: RUFUS LENHADOR    ..... volta 27 em 0.01449 segundos
2023-12-22 17:21:26,669 - piloto - INFO - Piloto: PENELOPE CHARMOSA ..... volta 28 em 0.01449 segundos
2023-12-22 17:21:26,674 - piloto - INFO - Piloto: DICK VIGARISTA    ..... volta 29 em 0.01205 segundos
2023-12-22 17:21:26,680 - piloto - INFO - Piloto: PENELOPE CHARMOSA ..... volta 29 em 0.01042 segundos
2023-12-22 17:21:26,682 - piloto - INFO - Piloto: RUFUS LENHADOR    ..... volta 28 em 0.01250 segundos
2023-12-22 17:21:26,687 - piloto - INFO - Piloto: PETER PERFEITO    ..... volta 29 em 0.01818 segundos
2023-12-22 17:21:26,688 - piloto - INFO - Piloto: DICK VIGARISTA    ..... volta 30 em 0.01099 segundos
2023-12-22 17:21:26,692 - piloto - INFO - Piloto: PENELOPE CHARMOSA ..... volta 30 em 0.01064 segundos
2023-12-22 17:21:26,700 - piloto - INFO - Piloto: PETER PERFEITO    ..... volta 30 em 0.01149 segundos
2023-12-22 17:21:26,700 - piloto - INFO - Piloto: RUFUS LENHADOR    ..... volta 29 em 0.01613 segundos
2023-12-22 17:21:26,703 - piloto - INFO - Piloto: DICK VIGARISTA    ..... volta 31 em 0.01429 segundos
2023-12-22 17:21:26,705 - piloto - INFO - Piloto: PENELOPE CHARMOSA ..... volta 31 em 0.01250 segundos
2023-12-22 17:21:26,713 - piloto - INFO - Piloto: RUFUS LENHADOR    ..... volta 30 em 0.01111 segundos
2023-12-22 17:21:26,714 - piloto - INFO - Piloto: PETER PERFEITO    ..... volta 31 em 0.01266 segundos
2023-12-22 17:21:26,718 - piloto - INFO - Piloto: DICK VIGARISTA    ..... volta 32 em 0.01299 segundos
2023-12-22 17:21:26,723 - piloto - INFO - Piloto: PENELOPE CHARMOSA ..... volta 32 em 0.01667 segundos
2023-12-22 17:21:26,727 - piloto - INFO - Piloto: PETER PERFEITO    ..... volta 32 em 0.01250 segundos
2023-12-22 17:21:26,727 - piloto - INFO - Piloto: RUFUS LENHADOR    ..... volta 31 em 0.01299 segundos
2023-12-22 17:21:26,740 - piloto - INFO - Piloto: DICK VIGARISTA    ..... volta 33 em 0.01887 segundos
2023-12-22 17:21:26,740 - piloto - INFO - Piloto: PENELOPE CHARMOSA ..... volta 33 em 0.01587 segundos
2023-12-22 17:21:26,742 - piloto - INFO - Piloto: RUFUS LENHADOR    ..... volta 32 em 0.01370 segundos
2023-12-22 17:21:26,747 - piloto - INFO - Piloto: PETER PERFEITO    ..... volta 33 em 0.01923 segundos
2023-12-22 17:21:26,753 - piloto - INFO - Piloto: PENELOPE CHARMOSA ..... volta 34 em 0.01136 segundos
2023-12-22 17:21:26,755 - piloto - INFO - Piloto: DICK VIGARISTA    ..... volta 34 em 0.01408 segundos
2023-12-22 17:21:26,760 - piloto - INFO - Piloto: RUFUS LENHADOR    ..... volta 33 em 0.01587 segundos
2023-12-22 17:21:26,767 - piloto - INFO - Piloto: PETER PERFEITO    ..... volta 34 em 0.01818 segundos
2023-12-22 17:21:26,770 - piloto - INFO - Piloto: PENELOPE CHARMOSA ..... volta 35 em 0.01538 segundos
2023-12-22 17:21:26,775 - piloto - INFO - Piloto: DICK VIGARISTA    ..... volta 35 em 0.01818 segundos
2023-12-22 17:21:26,779 - piloto - INFO - Piloto: RUFUS LENHADOR    ..... volta 34 em 0.01695 segundos
2023-12-22 17:21:26,780 - piloto - INFO - Piloto: PETER PERFEITO    ..... volta 35 em 0.01163 segundos
2023-12-22 17:21:26,781 - piloto - INFO - Piloto: PENELOPE CHARMOSA ..... volta 36 em 0.01042 segundos
2023-12-22 17:21:26,793 - piloto - INFO - Piloto: PENELOPE CHARMOSA ..... volta 37 em 0.01000 segundos
2023-12-22 17:21:26,794 - piloto - INFO - Piloto: DICK VIGARISTA    ..... volta 36 em 0.01639 segundos
2023-12-22 17:21:26,798 - piloto - INFO - Piloto: RUFUS LENHADOR    ..... volta 35 em 0.01408 segundos
2023-12-22 17:21:26,802 - piloto - INFO - Piloto: PETER PERFEITO    ..... volta 36 em 0.01852 segundos
2023-12-22 17:21:26,805 - piloto - INFO - Piloto: DICK VIGARISTA    ..... volta 37 em 0.01010 segundos
2023-12-22 17:21:26,812 - piloto - INFO - Piloto: RUFUS LENHADOR    ..... volta 36 em 0.01266 segundos
2023-12-22 17:21:26,812 - piloto - INFO - Piloto: PENELOPE CHARMOSA ..... volta 38 em 0.01852 segundos
2023-12-22 17:21:26,816 - piloto - INFO - Piloto: PETER PERFEITO    ..... volta 37 em 0.01163 segundos
2023-12-22 17:21:26,820 - piloto - INFO - Piloto: DICK VIGARISTA    ..... volta 38 em 0.01389 segundos
2023-12-22 17:21:26,825 - piloto - INFO - Piloto: RUFUS LENHADOR    ..... volta 37 em 0.01220 segundos
2023-12-22 17:21:26,829 - piloto - INFO - Piloto: PETER PERFEITO    ..... volta 38 em 0.01087 segundos
2023-12-22 17:21:26,830 - piloto - INFO - Piloto: PENELOPE CHARMOSA ..... volta 39 em 0.01667 segundos
2023-12-22 17:21:26,833 - piloto - INFO - Piloto: DICK VIGARISTA    ..... volta 39 em 0.01136 segundos
2023-12-22 17:21:26,838 - piloto - INFO - Piloto: RUFUS LENHADOR    ..... volta 38 em 0.01020 segundos
2023-12-22 17:21:26,845 - piloto - INFO - Piloto: PETER PERFEITO    ..... volta 39 em 0.01587 segundos
2023-12-22 17:21:26,846 - piloto - INFO - Piloto: PENELOPE CHARMOSA ..... volta 40 em 0.01471 segundos
2023-12-22 17:21:26,849 - piloto - INFO - Piloto: DICK VIGARISTA    ..... volta 40 em 0.01408 segundos
2023-12-22 17:21:26,851 - piloto - INFO - Piloto: RUFUS LENHADOR    ..... volta 39 em 0.01042 segundos
2023-12-22 17:21:26,860 - piloto - INFO - Piloto: PENELOPE CHARMOSA ..... volta 41 em 0.01299 segundos
2023-12-22 17:21:26,864 - piloto - INFO - Piloto: PETER PERFEITO    ..... volta 40 em 0.01754 segundos
2023-12-22 17:21:26,864 - piloto - INFO - Piloto: RUFUS LENHADOR    ..... volta 40 em 0.01266 segundos
2023-12-22 17:21:26,869 - piloto - INFO - Piloto: DICK VIGARISTA    ..... volta 41 em 0.01695 segundos
2023-12-22 17:21:26,875 - piloto - INFO - Piloto: PENELOPE CHARMOSA ..... volta 42 em 0.01370 segundos
2023-12-22 17:21:26,880 - piloto - INFO - Piloto: DICK VIGARISTA    ..... volta 42 em 0.01087 segundos
2023-12-22 17:21:26,881 - piloto - INFO - Piloto: RUFUS LENHADOR    ..... volta 41 em 0.01587 segundos
2023-12-22 17:21:26,884 - piloto - INFO - Piloto: PETER PERFEITO    ..... volta 41 em 0.01786 segundos
2023-12-22 17:21:26,889 - piloto - INFO - Piloto: PENELOPE CHARMOSA ..... volta 43 em 0.01099 segundos
2023-12-22 17:21:26,896 - piloto - INFO - Piloto: PETER PERFEITO    ..... volta 42 em 0.01031 segundos
2023-12-22 17:21:26,896 - piloto - INFO - Piloto: DICK VIGARISTA    ..... volta 43 em 0.01408 segundos
2023-12-22 17:21:26,900 - piloto - INFO - Piloto: RUFUS LENHADOR    ..... volta 42 em 0.01818 segundos
2023-12-22 17:21:26,905 - piloto - INFO - Piloto: PENELOPE CHARMOSA ..... volta 44 em 0.01493 segundos
2023-12-22 17:21:26,910 - piloto - INFO - Piloto: PETER PERFEITO    ..... volta 43 em 0.01266 segundos
2023-12-22 17:21:26,911 - piloto - INFO - Piloto: DICK VIGARISTA    ..... volta 44 em 0.01370 segundos
2023-12-22 17:21:26,913 - piloto - INFO - Piloto: RUFUS LENHADOR    ..... volta 43 em 0.01176 segundos
2023-12-22 17:21:26,918 - piloto - INFO - Piloto: PENELOPE CHARMOSA ..... volta 45 em 0.01020 segundos
2023-12-22 17:21:26,927 - piloto - INFO - Piloto: RUFUS LENHADOR    ..... volta 44 em 0.01149 segundos
2023-12-22 17:21:26,928 - piloto - INFO - Piloto: PETER PERFEITO    ..... volta 44 em 0.01754 segundos
2023-12-22 17:21:26,929 - piloto - INFO - Piloto: DICK VIGARISTA    ..... volta 45 em 0.01754 segundos
2023-12-22 17:21:26,935 - piloto - INFO - Piloto: PENELOPE CHARMOSA ..... volta 46 em 0.01408 segundos
2023-12-22 17:21:26,942 - piloto - INFO - Piloto: DICK VIGARISTA    ..... volta 46 em 0.01136 segundos
2023-12-22 17:21:26,947 - piloto - INFO - Piloto: PENELOPE CHARMOSA ..... volta 47 em 0.01042 segundos
2023-12-22 17:21:26,948 - piloto - INFO - Piloto: RUFUS LENHADOR    ..... volta 45 em 0.01887 segundos
2023-12-22 17:21:26,948 - piloto - INFO - Piloto: PETER PERFEITO    ..... volta 45 em 0.01724 segundos
2023-12-22 17:21:26,953 - piloto - INFO - Piloto: DICK VIGARISTA    ..... volta 47 em 0.01031 segundos
2023-12-22 17:21:26,958 - piloto - INFO - Piloto: RUFUS LENHADOR    ..... volta 46 em 0.01000 segundos
2023-12-22 17:21:26,959 - piloto - INFO - Piloto: PENELOPE CHARMOSA ..... volta 48 em 0.01190 segundos
2023-12-22 17:21:26,962 - piloto - INFO - Piloto: PETER PERFEITO    ..... volta 46 em 0.01266 segundos
2023-12-22 17:21:26,971 - piloto - INFO - Piloto: RUFUS LENHADOR    ..... volta 47 em 0.01205 segundos
2023-12-22 17:21:26,975 - piloto - INFO - Piloto: DICK VIGARISTA    ..... volta 48 em 0.01961 segundos
2023-12-22 17:21:26,975 - piloto - INFO - Piloto: PENELOPE CHARMOSA ..... volta 49 em 0.01389 segundos
2023-12-22 17:21:26,975 - piloto - INFO - Piloto: PETER PERFEITO    ..... volta 47 em 0.01099 segundos
2023-12-22 17:21:26,985 - piloto - INFO - Piloto: RUFUS LENHADOR    ..... volta 48 em 0.01299 segundos
2023-12-22 17:21:26,989 - piloto - INFO - Piloto: PETER PERFEITO    ..... volta 48 em 0.01000 segundos
2023-12-22 17:21:26,994 - piloto - INFO - Piloto: DICK VIGARISTA    ..... volta 49 em 0.01639 segundos
2023-12-22 17:21:26,995 - piloto - INFO - Piloto: PENELOPE CHARMOSA ..... volta 50 em 0.01754 segundos
2023-12-22 17:21:27,000 - piloto - INFO - Piloto: PETER PERFEITO    ..... volta 49 em 0.01010 segundos
2023-12-22 17:21:27,004 - piloto - INFO - Piloto: RUFUS LENHADOR    ..... volta 49 em 0.01852 segundos
2023-12-22 17:21:27,007 - piloto - INFO - Piloto: PENELOPE CHARMOSA ..... volta 51 em 0.01031 segundos
2023-12-22 17:21:27,016 - piloto - INFO - Piloto: DICK VIGARISTA    ..... volta 50 em 0.01961 segundos
2023-12-22 17:21:27,018 - piloto - INFO - Piloto: RUFUS LENHADOR    ..... volta 50 em 0.01316 segundos
2023-12-22 17:21:27,019 - piloto - INFO - Piloto: PETER PERFEITO    ..... volta 50 em 0.01724 segundos
2023-12-22 17:21:27,020 - piloto - INFO - Piloto: PENELOPE CHARMOSA ..... volta 52 em 0.01064 segundos
2023-12-22 17:21:27,031 - piloto - INFO - Piloto: PETER PERFEITO    ..... volta 51 em 0.01064 segundos
2023-12-22 17:21:27,034 - piloto - INFO - Piloto: DICK VIGARISTA    ..... volta 51 em 0.01449 segundos
2023-12-22 17:21:27,036 - piloto - INFO - Piloto: RUFUS LENHADOR    ..... volta 51 em 0.01613 segundos
2023-12-22 17:21:27,036 - piloto - INFO - Piloto: PENELOPE CHARMOSA ..... volta 53 em 0.01449 segundos
2023-12-22 17:21:27,043 - piloto - INFO - Piloto: PETER PERFEITO    ..... volta 52 em 0.01064 segundos
2023-12-22 17:21:27,047 - piloto - INFO - Piloto: RUFUS LENHADOR    ..... volta 52 em 0.01064 segundos
2023-12-22 17:21:27,047 - piloto - INFO - Piloto: DICK VIGARISTA    ..... volta 52 em 0.01316 segundos
2023-12-22 17:21:27,050 - piloto - INFO - Piloto: PENELOPE CHARMOSA ..... volta 54 em 0.01190 segundos
2023-12-22 17:21:27,054 - piloto - INFO - Piloto: PETER PERFEITO    ..... volta 53 em 0.01000 segundos
2023-12-22 17:21:27,059 - piloto - INFO - Piloto: RUFUS LENHADOR    ..... volta 53 em 0.01053 segundos
2023-12-22 17:21:27,065 - piloto - INFO - Piloto: DICK VIGARISTA    ..... volta 53 em 0.01389 segundos
2023-12-22 17:21:27,069 - piloto - INFO - Piloto: PETER PERFEITO    ..... volta 54 em 0.01389 segundos
2023-12-22 17:21:27,069 - piloto - INFO - Piloto: PENELOPE CHARMOSA ..... volta 55 em 0.01786 segundos
2023-12-22 17:21:27,076 - piloto - INFO - Piloto: RUFUS LENHADOR    ..... volta 54 em 0.01562 segundos
2023-12-22 17:21:27,080 - piloto - INFO - Piloto: PENELOPE CHARMOSA ..... volta 56 em 0.01010 segundos
2023-12-22 17:21:27,082 - piloto - INFO - Piloto: PETER PERFEITO    ..... volta 55 em 0.01149 segundos
2023-12-22 17:21:27,083 - piloto - INFO - Piloto: DICK VIGARISTA    ..... volta 54 em 0.01613 segundos
2023-12-22 17:21:27,089 - piloto - INFO - Piloto: RUFUS LENHADOR    ..... volta 55 em 0.01020 segundos
2023-12-22 17:21:27,094 - piloto - INFO - Piloto: PENELOPE CHARMOSA ..... volta 57 em 0.01316 segundos
2023-12-22 17:21:27,096 - piloto - INFO - Piloto: PETER PERFEITO    ..... volta 56 em 0.01149 segundos
2023-12-22 17:21:27,099 - piloto - INFO - Piloto: DICK VIGARISTA    ..... volta 55 em 0.01389 segundos
2023-12-22 17:21:27,108 - piloto - INFO - Piloto: RUFUS LENHADOR    ..... volta 56 em 0.01786 segundos
2023-12-22 17:21:27,112 - piloto - INFO - Piloto: PENELOPE CHARMOSA ..... volta 58 em 0.01639 segundos
2023-12-22 17:21:27,113 - piloto - INFO - Piloto: DICK VIGARISTA    ..... volta 56 em 0.01149 segundos
2023-12-22 17:21:27,113 - piloto - INFO - Piloto: PETER PERFEITO    ..... volta 57 em 0.01562 segundos
2023-12-22 17:21:27,121 - piloto - INFO - Piloto: RUFUS LENHADOR    ..... volta 57 em 0.01010 segundos
2023-12-22 17:21:27,124 - piloto - INFO - Piloto: PENELOPE CHARMOSA ..... volta 59 em 0.01042 segundos
2023-12-22 17:21:27,125 - piloto - INFO - Piloto: PETER PERFEITO    ..... volta 58 em 0.01075 segundos
2023-12-22 17:21:27,126 - piloto - INFO - Piloto: DICK VIGARISTA    ..... volta 57 em 0.01266 segundos
2023-12-22 17:21:27,136 - piloto - INFO - Piloto: RUFUS LENHADOR    ..... volta 58 em 0.01205 segundos
2023-12-22 17:21:27,136 - piloto - INFO - Piloto: PENELOPE CHARMOSA ..... volta 60 em 0.01124 segundos
2023-12-22 17:21:27,138 - piloto - INFO - Piloto: PETER PERFEITO    ..... volta 59 em 0.01266 segundos
2023-12-22 17:21:27,147 - piloto - INFO - Piloto: DICK VIGARISTA    ..... volta 58 em 0.02000 segundos
2023-12-22 17:21:27,149 - piloto - INFO - Piloto: PENELOPE CHARMOSA ..... volta 61 em 0.01087 segundos
2023-12-22 17:21:27,153 - piloto - INFO - Piloto: RUFUS LENHADOR    ..... volta 59 em 0.01515 segundos
2023-12-22 17:21:27,157 - piloto - INFO - Piloto: PETER PERFEITO    ..... volta 60 em 0.01754 segundos
2023-12-22 17:21:27,160 - piloto - INFO - Piloto: PENELOPE CHARMOSA ..... volta 62 em 0.01010 segundos
2023-12-22 17:21:27,165 - piloto - INFO - Piloto: DICK VIGARISTA    ..... volta 59 em 0.01695 segundos
2023-12-22 17:21:27,177 - piloto - INFO - Piloto: RUFUS LENHADOR    ..... volta 60 em 0.01124 segundos
2023-12-22 17:21:27,179 - piloto - INFO - Piloto: PETER PERFEITO    ..... volta 61 em 0.01136 segundos
2023-12-22 17:21:27,179 - piloto - INFO - Piloto: DICK VIGARISTA    ..... volta 60 em 0.01163 segundos
2023-12-22 17:21:27,179 - piloto - INFO - Piloto: PENELOPE CHARMOSA ..... volta 63 em 0.01471 segundos
2023-12-22 17:21:27,192 - piloto - INFO - Piloto: RUFUS LENHADOR    ..... volta 61 em 0.01136 segundos
2023-12-22 17:21:27,192 - piloto - INFO - Piloto: PENELOPE CHARMOSA ..... volta 64 em 0.01149 segundos
2023-12-22 17:21:27,195 - piloto - INFO - Piloto: PETER PERFEITO    ..... volta 62 em 0.01515 segundos
2023-12-22 17:21:27,198 - piloto - INFO - Piloto: DICK VIGARISTA    ..... volta 61 em 0.01852 segundos
2023-12-22 17:21:27,211 - piloto - INFO - Piloto: DICK VIGARISTA    ..... volta 62 em 0.01124 segundos
2023-12-22 17:21:27,211 - piloto - INFO - Piloto: PETER PERFEITO    ..... volta 63 em 0.01515 segundos
2023-12-22 17:21:27,211 - piloto - INFO - Piloto: RUFUS LENHADOR    ..... volta 62 em 0.01786 segundos
2023-12-22 17:21:27,212 - piloto - INFO - Piloto: PENELOPE CHARMOSA ..... volta 65 em 0.01923 segundos
2023-12-22 17:21:27,224 - piloto - INFO - Piloto: DICK VIGARISTA    ..... volta 63 em 0.01000 segundos
2023-12-22 17:21:27,224 - piloto - INFO - Piloto: RUFUS LENHADOR    ..... volta 63 em 0.01124 segundos
2023-12-22 17:21:27,233 - piloto - INFO - Piloto: PETER PERFEITO    ..... volta 64 em 0.01961 segundos
2023-12-22 17:21:27,235 - piloto - INFO - Piloto: PENELOPE CHARMOSA ..... volta 66 em 0.02000 segundos
2023-12-22 17:21:27,238 - piloto - INFO - Piloto: RUFUS LENHADOR    ..... volta 64 em 0.01149 segundos
2023-12-22 17:21:27,245 - piloto - INFO - Piloto: DICK VIGARISTA    ..... volta 64 em 0.01923 segundos
2023-12-22 17:21:27,248 - piloto - INFO - Piloto: PENELOPE CHARMOSA ..... volta 67 em 0.01124 segundos
2023-12-22 17:21:27,250 - piloto - INFO - Piloto: PETER PERFEITO    ..... volta 65 em 0.01389 segundos
2023-12-22 17:21:27,251 - piloto - INFO - Piloto: RUFUS LENHADOR    ..... volta 65 em 0.01163 segundos
2023-12-22 17:21:27,259 - piloto - INFO - Piloto: DICK VIGARISTA    ..... volta 65 em 0.01087 segundos
2023-12-22 17:21:27,262 - piloto - INFO - Piloto: RUFUS LENHADOR    ..... volta 66 em 0.01064 segundos
2023-12-22 17:21:27,263 - piloto - INFO - Piloto: PENELOPE CHARMOSA ..... volta 68 em 0.01266 segundos
2023-12-22 17:21:27,263 - piloto - INFO - Piloto: PETER PERFEITO    ..... volta 66 em 0.01205 segundos
2023-12-22 17:21:27,277 - piloto - INFO - Piloto: DICK VIGARISTA    ..... volta 66 em 0.01205 segundos
2023-12-22 17:21:27,277 - piloto - INFO - Piloto: RUFUS LENHADOR    ..... volta 67 em 0.01333 segundos
2023-12-22 17:21:27,277 - piloto - INFO - Piloto: PENELOPE CHARMOSA ..... volta 69 em 0.01333 segundos
2023-12-22 17:21:27,280 - piloto - INFO - Piloto: PETER PERFEITO    ..... volta 67 em 0.01562 segundos
2023-12-22 17:21:27,291 - piloto - INFO - Piloto: PENELOPE CHARMOSA ..... volta 70 em 0.01282 segundos
2023-12-22 17:21:27,292 - piloto - INFO - Piloto: RUFUS LENHADOR    ..... volta 68 em 0.01235 segundos
2023-12-22 17:21:27,292 - piloto - INFO - Piloto: DICK VIGARISTA    ..... volta 67 em 0.01449 segundos
2023-12-22 17:21:27,295 - piloto - INFO - Piloto: PETER PERFEITO    ..... volta 68 em 0.01493 segundos
2023-12-22 17:21:27,303 - piloto - INFO - Piloto: PENELOPE CHARMOSA ..... volta 71 em 0.01053 segundos
2023-12-22 17:21:27,309 - piloto - INFO - Piloto: DICK VIGARISTA    ..... volta 68 em 0.01282 segundos
2023-12-22 17:21:27,309 - piloto - INFO - Piloto: RUFUS LENHADOR    ..... volta 69 em 0.01351 segundos
2023-12-22 17:21:27,309 - piloto - INFO - Piloto: PETER PERFEITO    ..... volta 69 em 0.01099 segundos
2023-12-22 17:21:27,320 - piloto - INFO - Piloto: PENELOPE CHARMOSA ..... volta 72 em 0.01562 segundos
2023-12-22 17:21:27,324 - piloto - INFO - Piloto: DICK VIGARISTA    ..... volta 69 em 0.01205 segundos
2023-12-22 17:21:27,324 - piloto - INFO - Piloto: RUFUS LENHADOR    ..... volta 70 em 0.01429 segundos
2023-12-22 17:21:27,324 - piloto - INFO - Piloto: PETER PERFEITO    ..... volta 70 em 0.01205 segundos
2023-12-22 17:21:27,334 - piloto - INFO - Piloto: PENELOPE CHARMOSA ..... volta 73 em 0.01333 segundos
2023-12-22 17:21:27,336 - piloto - INFO - Piloto: DICK VIGARISTA    ..... volta 70 em 0.01000 segundos
2023-12-22 17:21:27,338 - piloto - INFO - Piloto: PETER PERFEITO    ..... volta 71 em 0.01042 segundos
2023-12-22 17:21:27,346 - piloto - INFO - Piloto: RUFUS LENHADOR    ..... volta 71 em 0.02000 segundos
2023-12-22 17:21:27,351 - piloto - INFO - Piloto: PENELOPE CHARMOSA ..... volta 74 em 0.01562 segundos
2023-12-22 17:21:27,355 - piloto - INFO - Piloto: PETER PERFEITO    ..... volta 72 em 0.01538 segundos
2023-12-22 17:21:27,358 - piloto - INFO - Piloto: DICK VIGARISTA    ..... volta 71 em 0.01923 segundos
2023-12-22 17:21:27,362 - piloto - INFO - Piloto: RUFUS LENHADOR    ..... volta 72 em 0.01493 segundos
2023-12-22 17:21:27,370 - piloto - INFO - Piloto: PETER PERFEITO    ..... volta 73 em 0.01449 segundos
2023-12-22 17:21:27,372 - piloto - INFO - Piloto: PENELOPE CHARMOSA ..... volta 75 em 0.01818 segundos
2023-12-22 17:21:27,374 - piloto - INFO - Piloto: DICK VIGARISTA    ..... volta 72 em 0.01515 segundos
2023-12-22 17:21:27,377 - piloto - INFO - Piloto: RUFUS LENHADOR    ..... volta 73 em 0.01429 segundos
2023-12-22 17:21:27,383 - piloto - INFO - Piloto: PETER PERFEITO    ..... volta 74 em 0.01111 segundos
2023-12-22 17:21:27,392 - piloto - INFO - Piloto: DICK VIGARISTA    ..... volta 73 em 0.01235 segundos
2023-12-22 17:21:27,392 - piloto - INFO - Piloto: RUFUS LENHADOR    ..... volta 74 em 0.01010 segundos
2023-12-22 17:21:27,392 - piloto - INFO - Piloto: PENELOPE CHARMOSA ..... volta 76 em 0.01852 segundos
2023-12-22 17:21:27,400 - piloto - INFO - Piloto: PETER PERFEITO    ..... volta 75 em 0.01562 segundos
2023-12-22 17:21:27,410 - piloto - INFO - Piloto: DICK VIGARISTA    ..... volta 74 em 0.01667 segundos
2023-12-22 17:21:27,410 - piloto - INFO - Piloto: RUFUS LENHADOR    ..... volta 75 em 0.01695 segundos
2023-12-22 17:21:27,413 - piloto - INFO - Piloto: PETER PERFEITO    ..... volta 76 em 0.01190 segundos
2023-12-22 17:21:27,414 - piloto - INFO - Piloto: PENELOPE CHARMOSA ..... volta 77 em 0.01887 segundos
2023-12-22 17:21:27,424 - piloto - INFO - Piloto: RUFUS LENHADOR    ..... volta 76 em 0.01075 segundos
2023-12-22 17:21:27,425 - piloto - INFO - Piloto: DICK VIGARISTA    ..... volta 75 em 0.01408 segundos
2023-12-22 17:21:27,426 - piloto - INFO - Piloto: PETER PERFEITO    ..... volta 77 em 0.01205 segundos
2023-12-22 17:21:27,427 - piloto - INFO - Piloto: PENELOPE CHARMOSA ..... volta 78 em 0.01266 segundos
2023-12-22 17:21:27,438 - piloto - INFO - Piloto: PETER PERFEITO    ..... volta 78 em 0.01064 segundos
2023-12-22 17:21:27,439 - piloto - INFO - Piloto: RUFUS LENHADOR    ..... volta 77 em 0.01250 segundos
2023-12-22 17:21:27,444 - piloto - INFO - Piloto: PENELOPE CHARMOSA ..... volta 79 em 0.01562 segundos
2023-12-22 17:21:27,446 - piloto - INFO - Piloto: DICK VIGARISTA    ..... volta 76 em 0.01961 segundos
2023-12-22 17:21:27,453 - piloto - INFO - Piloto: PETER PERFEITO    ..... volta 79 em 0.01389 segundos
2023-12-22 17:21:27,454 - piloto - INFO - Piloto: RUFUS LENHADOR    ..... volta 78 em 0.01250 segundos
2023-12-22 17:21:27,458 - piloto - INFO - Piloto: PENELOPE CHARMOSA ..... volta 80 em 0.01316 segundos
2023-12-22 17:21:27,465 - piloto - INFO - Piloto: PETER PERFEITO    ..... volta 80 em 0.01010 segundos
2023-12-22 17:21:27,467 - piloto - INFO - Piloto: DICK VIGARISTA    ..... volta 77 em 0.01754 segundos
2023-12-22 17:21:27,472 - piloto - INFO - Piloto: RUFUS LENHADOR    ..... volta 79 em 0.01562 segundos
2023-12-22 17:21:27,474 - piloto - INFO - Piloto: PENELOPE CHARMOSA ..... volta 81 em 0.01149 segundos
2023-12-22 17:21:27,477 - piloto - INFO - Piloto: PETER PERFEITO    ..... volta 81 em 0.01031 segundos
2023-12-22 17:21:27,485 - piloto - INFO - Piloto: RUFUS LENHADOR    ..... volta 80 em 0.01190 segundos
2023-12-22 17:21:27,487 - piloto - INFO - Piloto: DICK VIGARISTA    ..... volta 78 em 0.01923 segundos
2023-12-22 17:21:27,490 - piloto - INFO - Piloto: PETER PERFEITO    ..... volta 82 em 0.01020 segundos
2023-12-22 17:21:27,491 - piloto - INFO - Piloto: PENELOPE CHARMOSA ..... volta 82 em 0.01449 segundos
2023-12-22 17:21:27,501 - piloto - INFO - Piloto: DICK VIGARISTA    ..... volta 79 em 0.01099 segundos
2023-12-22 17:21:27,502 - piloto - INFO - Piloto: RUFUS LENHADOR    ..... volta 81 em 0.01266 segundos
2023-12-22 17:21:27,502 - piloto - INFO - Piloto: PETER PERFEITO    ..... volta 83 em 0.01099 segundos
2023-12-22 17:21:27,506 - piloto - INFO - Piloto: PENELOPE CHARMOSA ..... volta 83 em 0.01220 segundos
2023-12-22 17:21:27,514 - piloto - INFO - Piloto: RUFUS LENHADOR    ..... volta 82 em 0.01053 segundos
2023-12-22 17:21:27,516 - piloto - INFO - Piloto: DICK VIGARISTA    ..... volta 80 em 0.01163 segundos
2023-12-22 17:21:27,517 - piloto - INFO - Piloto: PETER PERFEITO    ..... volta 84 em 0.01282 segundos
2023-12-22 17:21:27,531 - piloto - INFO - Piloto: RUFUS LENHADOR    ..... volta 83 em 0.01299 segundos
2023-12-22 17:21:27,532 - piloto - INFO - Piloto: PENELOPE CHARMOSA ..... volta 84 em 0.01923 segundos
2023-12-22 17:21:27,533 - piloto - INFO - Piloto: PETER PERFEITO    ..... volta 85 em 0.01250 segundos
2023-12-22 17:21:27,536 - piloto - INFO - Piloto: DICK VIGARISTA    ..... volta 81 em 0.01020 segundos
2023-12-22 17:21:27,544 - piloto - INFO - Piloto: PENELOPE CHARMOSA ..... volta 85 em 0.01149 segundos
2023-12-22 17:21:27,546 - piloto - INFO - Piloto: RUFUS LENHADOR    ..... volta 84 em 0.01163 segundos
2023-12-22 17:21:27,546 - piloto - INFO - Piloto: PETER PERFEITO    ..... volta 86 em 0.01176 segundos
2023-12-22 17:21:27,557 - piloto - INFO - Piloto: DICK VIGARISTA    ..... volta 82 em 0.01724 segundos
2023-12-22 17:21:27,559 - piloto - INFO - Piloto: PETER PERFEITO    ..... volta 87 em 0.01149 segundos
2023-12-22 17:21:27,561 - piloto - INFO - Piloto: RUFUS LENHADOR    ..... volta 85 em 0.01429 segundos
2023-12-22 17:21:27,569 - piloto - INFO - Piloto: PENELOPE CHARMOSA ..... volta 86 em 0.01786 segundos
2023-12-22 17:21:27,571 - piloto - INFO - Piloto: DICK VIGARISTA    ..... volta 83 em 0.01010 segundos
2023-12-22 17:21:27,571 - piloto - INFO - Piloto: PETER PERFEITO    ..... volta 88 em 0.01149 segundos
2023-12-22 17:21:27,573 - piloto - INFO - Piloto: RUFUS LENHADOR    ..... volta 86 em 0.01163 segundos
2023-12-22 17:21:27,585 - piloto - INFO - Piloto: PENELOPE CHARMOSA ..... volta 87 em 0.01370 segundos
2023-12-22 17:21:27,585 - piloto - INFO - Piloto: DICK VIGARISTA    ..... volta 84 em 0.01266 segundos
2023-12-22 17:21:27,589 - piloto - INFO - Piloto: RUFUS LENHADOR    ..... volta 87 em 0.01449 segundos
2023-12-22 17:21:27,592 - piloto - INFO - Piloto: PETER PERFEITO    ..... volta 89 em 0.01818 segundos
2023-12-22 17:21:27,599 - piloto - INFO - Piloto: PENELOPE CHARMOSA ..... volta 88 em 0.01111 segundos
2023-12-22 17:21:27,605 - piloto - INFO - Piloto: RUFUS LENHADOR    ..... volta 88 em 0.01408 segundos
2023-12-22 17:21:27,606 - piloto - INFO - Piloto: DICK VIGARISTA    ..... volta 85 em 0.01754 segundos
2023-12-22 17:21:27,606 - piloto - INFO - Piloto: PETER PERFEITO    ..... volta 90 em 0.01316 segundos
2023-12-22 17:21:27,618 - piloto - INFO - Piloto: PENELOPE CHARMOSA ..... volta 89 em 0.01099 segundos
2023-12-22 17:21:27,618 - piloto - INFO - Piloto: DICK VIGARISTA    ..... volta 86 em 0.01075 segundos
2023-12-22 17:21:27,620 - piloto - INFO - Piloto: PETER PERFEITO    ..... volta 91 em 0.01266 segundos
2023-12-22 17:21:27,621 - piloto - INFO - Piloto: RUFUS LENHADOR    ..... volta 89 em 0.01471 segundos
2023-12-22 17:21:27,633 - piloto - INFO - Piloto: PENELOPE CHARMOSA ..... volta 90 em 0.01351 segundos
2023-12-22 17:21:27,637 - piloto - INFO - Piloto: PETER PERFEITO    ..... volta 92 em 0.01587 segundos
2023-12-22 17:21:27,638 - piloto - INFO - Piloto: DICK VIGARISTA    ..... volta 87 em 0.01786 segundos
2023-12-22 17:21:27,638 - piloto - INFO - Piloto: RUFUS LENHADOR    ..... volta 90 em 0.01587 segundos
2023-12-22 17:21:27,646 - piloto - INFO - Piloto: PENELOPE CHARMOSA ..... volta 91 em 0.01020 segundos
2023-12-22 17:21:27,651 - piloto - INFO - Piloto: DICK VIGARISTA    ..... volta 88 em 0.01042 segundos
2023-12-22 17:21:27,654 - piloto - INFO - Piloto: PETER PERFEITO    ..... volta 93 em 0.01587 segundos
2023-12-22 17:21:27,655 - piloto - INFO - Piloto: RUFUS LENHADOR    ..... volta 91 em 0.01562 segundos
2023-12-22 17:21:27,667 - piloto - INFO - Piloto: PETER PERFEITO    ..... volta 94 em 0.01136 segundos
2023-12-22 17:21:27,669 - piloto - INFO - Piloto: PENELOPE CHARMOSA ..... volta 92 em 0.01724 segundos
2023-12-22 17:21:27,670 - piloto - INFO - Piloto: RUFUS LENHADOR    ..... volta 92 em 0.01000 segundos
2023-12-22 17:21:27,670 - piloto - INFO - Piloto: DICK VIGARISTA    ..... volta 89 em 0.01351 segundos
2023-12-22 17:21:27,683 - piloto - INFO - Piloto: RUFUS LENHADOR    ..... volta 93 em 0.01042 segundos
2023-12-22 17:21:27,684 - piloto - INFO - Piloto: PETER PERFEITO    ..... volta 95 em 0.01351 segundos
2023-12-22 17:21:27,686 - piloto - INFO - Piloto: PENELOPE CHARMOSA ..... volta 93 em 0.01042 segundos
2023-12-22 17:21:27,688 - piloto - INFO - Piloto: DICK VIGARISTA    ..... volta 90 em 0.01695 segundos
2023-12-22 17:21:27,695 - piloto - INFO - Piloto: PETER PERFEITO    ..... volta 96 em 0.01042 segundos
2023-12-22 17:21:27,696 - piloto - INFO - Piloto: RUFUS LENHADOR    ..... volta 94 em 0.01190 segundos
2023-12-22 17:21:27,700 - piloto - INFO - Piloto: DICK VIGARISTA    ..... volta 91 em 0.01020 segundos
2023-12-22 17:21:27,700 - piloto - INFO - Piloto: PENELOPE CHARMOSA ..... volta 94 em 0.01370 segundos
2023-12-22 17:21:27,707 - piloto - INFO - Piloto: PETER PERFEITO    ..... volta 97 em 0.01111 segundos
2023-12-22 17:21:27,710 - piloto - INFO - Piloto: RUFUS LENHADOR    ..... volta 95 em 0.01282 segundos
2023-12-22 17:21:27,717 - piloto - INFO - Piloto: PENELOPE CHARMOSA ..... volta 95 em 0.01053 segundos
2023-12-22 17:21:27,718 - piloto - INFO - Piloto: DICK VIGARISTA    ..... volta 92 em 0.01493 segundos
2023-12-22 17:21:27,721 - piloto - INFO - Piloto: RUFUS LENHADOR    ..... volta 96 em 0.01042 segundos
2023-12-22 17:21:27,723 - piloto - INFO - Piloto: PETER PERFEITO    ..... volta 98 em 0.01370 segundos
2023-12-22 17:21:27,734 - piloto - INFO - Piloto: PENELOPE CHARMOSA ..... volta 96 em 0.01176 segundos
2023-12-22 17:21:27,735 - piloto - INFO - Piloto: RUFUS LENHADOR    ..... volta 97 em 0.01205 segundos
2023-12-22 17:21:27,738 - piloto - INFO - Piloto: DICK VIGARISTA    ..... volta 93 em 0.01333 segundos
2023-12-22 17:21:27,738 - piloto - INFO - Piloto: PETER PERFEITO    ..... volta 99 em 0.01316 segundos
2023-12-22 17:21:27,751 - chegada - WARNING - Piloto: PETER PERFEITO    ..... volta 100 em 0.01020 segundos ..... RECEBEU BANDEIRADA
2023-12-22 17:21:27,755 - piloto - INFO - Piloto: PENELOPE CHARMOSA ..... volta 97 em 0.01282 segundos
2023-12-22 17:21:27,756 - piloto - INFO - Piloto: RUFUS LENHADOR    ..... volta 98 em 0.01818 segundos
2023-12-22 17:21:27,756 - piloto - INFO - Piloto: DICK VIGARISTA    ..... volta 94 em 0.01370 segundos
2023-12-22 17:21:27,770 - piloto - INFO - Piloto: RUFUS LENHADOR    ..... volta 99 em 0.01042 segundos
2023-12-22 17:21:27,770 - piloto - INFO - Piloto: PENELOPE CHARMOSA ..... volta 98 em 0.01031 segundos
2023-12-22 17:21:27,775 - piloto - INFO - Piloto: DICK VIGARISTA    ..... volta 95 em 0.01613 segundos
2023-12-22 17:21:27,786 - chegada - WARNING - Piloto: RUFUS LENHADOR    ..... volta 100 em 0.01220 segundos ..... RECEBEU BANDEIRADA
2023-12-22 17:21:27,786 - piloto - INFO - Piloto: PENELOPE CHARMOSA ..... volta 99 em 0.01429 segundos
2023-12-22 17:21:27,795 - piloto - INFO - Piloto: DICK VIGARISTA    ..... volta 96 em 0.01923 segundos
2023-12-22 17:21:27,800 - chegada - WARNING - Piloto: PENELOPE CHARMOSA ..... volta 100 em 0.01099 segundos ..... RECEBEU BANDEIRADA
2023-12-22 17:21:27,810 - piloto - INFO - Piloto: DICK VIGARISTA    ..... volta 97 em 0.01370 segundos
2023-12-22 17:21:27,825 - piloto - INFO - Piloto: DICK VIGARISTA    ..... volta 98 em 0.01220 segundos
2023-12-22 17:21:27,840 - piloto - INFO - Piloto: DICK VIGARISTA    ..... volta 99 em 0.01389 segundos
2023-12-22 17:21:27,856 - chegada - WARNING - Piloto: DICK VIGARISTA    ..... volta 100 em 0.01282 segundos ..... RECEBEU BANDEIRADA
